..FFFFFFFFFFFFFFFFFF......FFFFFFFFFFFFFFFFFFFFFFFFF....FF..F..F....F...F [ 11%]
.......F.F.FF....FFFFFF.F...............F............................... [ 23%]
.........FF......................................F.F.................... [ 35%]
............F......F...................FF.F...............F..FF.....F.F. [ 47%]
.........................................F...........................FF. [ 59%]
......................FFF..................F..FF........................ [ 71%]
.FFFFFFFFFFFFFFFFFFFFFFFFFFFFFFFFFFFFFFFFFFFFFFFFF..............F....... [ 83%]
.........................F.........................FFFF...FFF..FF....... [ 95%]
.............................                                            [100%]
=========================== short test summary info ============================
FAILED tests/test_action_centric_api.py::test_groups_and_last_reference_ar - ...
FAILED tests/test_ai_data_csv_stats.py::test_data_csv_rows_and_stats - Syntax...
FAILED tests/test_ai_data_csv_text.py::test_data_csv_text_helpers - Attribute...
FAILED tests/test_ai_data_json_text.py::test_data_json_text_array_and_object
FAILED tests/test_ai_data_prng_api.py::test_data_prng_api_repeatability_and_ops
FAILED tests/test_ai_data_prng_shuffle.py::test_data_prng_and_shuffle_split
FAILED tests/test_ai_data_stats_extended.py::test_data_median_and_percentile
FAILED tests/test_ai_data_stats_more.py::test_data_min_max_range_and_zscore
FAILED tests/test_ai_data_wave10.py::test_data_encoders_wave10 - AttributeErr...
FAILED tests/test_ai_data_wave17_pipeline.py::test_data_simple_pipeline_variance_then_pca
FAILED tests/test_ai_data_wave7.py::test_data_minmax_and_pearson_and_arabic_wrappers
FAILED tests/test_ai_data_wave8.py::test_data_scalers_wave8 - AttributeError:...
FAILED tests/test_ai_data_wave9.py::test_data_binning_and_one_hot - Attribute...
FAILED tests/test_ai_kmeans.py::test_ml_kmeans_two_clusters - SyntaxError: Ex...
FAILED tests/test_ai_logreg.py::test_ml_logistic_regression_train_and_predict
FAILED tests/test_ai_ml.py::test_ml_linear_regression_and_knn - SyntaxError: ...
FAILED tests/test_ai_ml_confusion_multiclass.py::test_ml_confusion_multiclass_and_report
FAILED tests/test_ai_ml_decision_tree.py::test_ml_decision_tree_xor_gini_and_entropy
FAILED tests/test_ai_ml_kfold.py::test_ml_kfold_indices_basic - SyntaxError: ...
FAILED tests/test_ai_ml_kfold_eval.py::test_ml_kfold_evaluate_logistic_and_knn
FAILED tests/test_ai_ml_kfold_generic.py::test_ml_kfold_cross_val_accuracy_generic
FAILED tests/test_ai_ml_kmeanspp.py::test_ml_kmeans_pp_two_clusters - SyntaxE...
FAILED tests/test_ai_ml_kmeanspp_prob.py::test_ml_kmeanspp_prob_clusters - Sy...
FAILED tests/test_ai_ml_metrics_split.py::test_ml_train_test_split_and_metrics
FAILED tests/test_ai_ml_roc_auc_confusion.py::test_ml_roc_auc_and_confusion
FAILED tests/test_ai_ml_wave13.py::test_ml_adaboost_and_dataset - SyntaxError...
FAILED tests/test_ai_ml_wave13.py::test_ml_adaboost_threshold_1d - SyntaxErro...
FAILED tests/test_ai_ml_wave13.py::test_ml_adaboost_arabic_wrappers - SyntaxE...
FAILED tests/test_ai_ml_wave14_nb.py::test_ml_naive_bayes_simple_text - Synta...
FAILED tests/test_ai_ml_wave14_nb.py::test_ml_naive_bayes_arabic_wrappers - S...
FAILED tests/test_ai_ml_wave16_metrics.py::test_ml_mcc_and_kappa_basic - Synt...
FAILED tests/test_ai_ml_wave16_stratified.py::test_ml_stratified_kfold_and_split
FAILED tests/test_ai_ml_wave17_pca.py::test_ml_pca_basic_shapes_and_reconstruction
FAILED tests/test_ai_ml_wave17_variance.py::test_ml_variance_threshold_mask_and_transform
FAILED tests/test_ai_ml_wave18_softmax.py::test_softmax_shapes_and_prob_sums
FAILED tests/test_ai_ml_wave18_softmax.py::test_softmax_accuracy_and_metrics
FAILED tests/test_ai_ml_wave19_grid.py::test_grid_search_cv_softmax_selects_better_params
FAILED tests/test_ai_ml_wave19_stacking.py::test_stacking_softmax_meta_multiclass
FAILED tests/test_ai_ml_wave19_voting.py::test_voting_hard_binary - SyntaxErr...
FAILED tests/test_ai_ml_wave19_voting.py::test_voting_soft_multiclass - Synta...
FAILED tests/test_ai_ml_wave7.py::test_ml_perceptron_knn_weighted_random_forest
FAILED tests/test_ai_ml_wave8.py::test_ml_linear_svm_wave8 - SyntaxError: Exp...
FAILED tests/test_ai_ml_wave9.py::test_ml_svm_ovr_and_bagging - SyntaxError: ...
FAILED tests/test_ai_nlp_cooccurrence.py::test_nlp_cooccurrence_build_and_similarity
FAILED tests/test_ai_nlp_lm_eval.py::test_nlp_lm_eval_and_pipeline_ar_en_wrappers
FAILED tests/test_ai_nlp_sequence_utils.py::test_nlp_sequence_utils_and_metrics
FAILED tests/test_ai_nlp_subword_char_ngrams.py::test_nlp_char_ngram_vocab_and_encode
FAILED tests/test_ai_nlp_vocab.py::test_nlp_vocab_build_and_encode_decode - b...
FAILED tests/test_ai_nlp_wave12.py::test_nlp_similarity_router - SyntaxError:...
FAILED tests/test_ai_nlp_wave15.py::test_nlp_jaro_and_winkler_known_pairs - b...
FAILED tests/test_ai_nlp_wave15.py::test_nlp_wave15_arabic_wrappers - bayan.b...
FAILED tests/test_ai_nlp_wave18_soft_tfidf.py::test_soft_tfidf_improves_similarity_with_typos
FAILED tests/test_ai_nlp_wave18_soft_tfidf.py::test_soft_tfidf_identical_texts_high_similarity
FAILED tests/test_ai_vision_convolution.py::test_vision_conv2d_valid_and_sobel
FAILED tests/test_ai_vision_threshold.py::test_vision_threshold_basic - Synta...
FAILED tests/test_ai_wave20_examples.py::test_wave20_softmax_multiclass_example
FAILED tests/test_ai_wave20_examples.py::test_wave20_soft_tfidf_similarity_example
FAILED tests/test_ai_wave20_examples.py::test_wave20_pipeline_example_dimension
FAILED tests/test_ai_wave20_examples.py::test_wave20_voting_example_accuracy
FAILED tests/test_approx_eq.py::test_string_semantic_approx_eq_lexicon - Synt...
FAILED tests/test_arabic_text_handling.py::test_arabic_string_operations - Sy...
FAILED tests/test_bayan_cli_api.py::test_simple_api_basic_generation - Syntax...
FAILED tests/test_bayan_cli_api.py::test_cli_demo_runs_and_returns_string - S...
FAILED tests/test_cognitive_model.py::test_concurrent_events - SyntaxError: E...
FAILED tests/test_collect_topk.py::test_collect_topk_argmax_with_similarity
FAILED tests/test_cut.py::test_parse_cut_with_list_pattern - TypeError: ListP...
FAILED tests/test_cut_execution.py::test_cut_with_list_pattern - TypeError: L...
FAILED tests/test_define_operator.py::test_define_operator_ar - SyntaxError: ...
FAILED tests/test_dialogue_generation.py::test_generate_with_dialogue_prefers_last_place_and_morphology
FAILED tests/test_dialogue_two_turn_state.py::test_two_turn_dialogue_coreference_with_kb_and_state
FAILED tests/test_entity_engine.py::test_entity_engine_reaction_response - Sy...
FAILED tests/test_entity_engine.py::test_perform_action_multi_actors_self_target_and_preassignments
FAILED tests/test_entity_syntax.py::test_entity_apply_arabic_keywords - Synta...
FAILED tests/test_entity_syntax_unification.py::test_entity_arabic_new_syntax
FAILED tests/test_equations.py::test_equation_complement_state_ar - SyntaxErr...
FAILED tests/test_generators_execution.py::test_fibonacci_generator_prefix - ...
FAILED tests/test_integrated_kb_selective.py::test_kb_load_selective_prob_only
FAILED tests/test_integrated_kb_selective.py::test_kb_load_selective_prob_and_family
FAILED tests/test_list_pattern.py::test_simple_list_pattern - TypeError: List...
FAILED tests/test_list_pattern.py::test_multiple_heads_pattern - TypeError: L...
FAILED tests/test_list_pattern.py::test_mixed_pattern - TypeError: ListPatter...
FAILED tests/test_match_in_as.py::test_match_in_as_basic - SyntaxError: Unexp...
FAILED tests/test_match_in_as.py::test_match_in_as_arabic_keywords - SyntaxEr...
FAILED tests/test_match_in_as.py::test_match_in_as_english - SyntaxError: mat...
FAILED tests/test_nlp_bayan_generation.py::test_generate_trigram_ar_basic - S...
FAILED tests/test_nlp_bayan_generation.py::test_generate_trigram_from_docs_custom
FAILED tests/test_nlp_bayan_generation.py::test_generate_trigram_from_docs_fallback_to_bigram
FAILED tests/test_nlp_bayan_generation.py::test_generate_trigram_from_docs_fallback_break_when_bigram_empty
FAILED tests/test_nlp_bayan_generation.py::test_generate_trigram_kb_prefers_allowed_candidate
FAILED tests/test_nlp_bayan_generation.py::test_generate_trigram_kb_no_allowed_falls_back
FAILED tests/test_nlp_bayan_generation.py::test_generate_trigram_kb_entity_backoff_to_house
FAILED tests/test_nlp_bayan_generation.py::test_generate_trigram_kb_temp0_picks_top1
FAILED tests/test_nlp_bayan_generation.py::test_generate_trigram_kb_sampling_reproducible_with_seed
FAILED tests/test_nlp_bayan_generation.py::test_generate_trigram_kb_entity_backoff_student_prefers_school
FAILED tests/test_nlp_bayan_generation.py::test_generate_trigram_kb_entity_backoff_teacher_prefers_school
FAILED tests/test_nlp_bayan_generation.py::test_morpho_inserts_ila_for_mosque
FAILED tests/test_nlp_bayan_generation.py::test_morpho_inserts_ila_for_dakhal
FAILED tests/test_nlp_bayan_generation.py::test_morpho_inserts_min_for_kharaja
FAILED tests/test_nlp_bayan_generation.py::test_morpho_inserts_ila_for_aada
FAILED tests/test_nlp_bayan_generation.py::test_morpho_inserts_fi_for_jalasa
FAILED tests/test_nlp_bayan_generation.py::test_morpho_inserts_fi_for_jalasa_library
FAILED tests/test_nlp_bayan_generation.py::test_enter_prefers_indoor_over_outdoor
FAILED tests/test_nlp_bayan_generation.py::test_exit_prefers_outdoor_over_indoor
FAILED tests/test_nlp_bayan_generation.py::test_return_prefers_house_over_others
FAILED tests/test_nlp_bayan_generation.py::test_morpho_and_kb_with_new_places_restaurant
FAILED tests/test_nlp_bayan_generation.py::test_top_p_limits_to_top1_even_with_temperature
FAILED tests/test_nlp_bayan_generation.py::test_enter_prefers_university_over_beach
FAILED tests/test_nlp_bayan_generation.py::test_sit_prefers_cafe - SyntaxErro...
FAILED tests/test_nlp_bayan_generation.py::test_exit_prefers_outdoor_beach_or_stadium
FAILED tests/test_nlp_bayan_generation.py::test_enter_hotel_indoor - SyntaxEr...
FAILED tests/test_nlp_bayan_generation.py::test_morpho_inserts_ila_for_wasal
FAILED tests/test_nlp_bayan_generation.py::test_morpho_inserts_ila_for_tawajja
FAILED tests/test_nlp_bayan_generation.py::test_morpho_inserts_ba_for_mar - S...
FAILED tests/test_nlp_bayan_generation.py::test_morpho_inserts_min_for_iqtaraba
FAILED tests/test_nlp_bayan_generation.py::test_morpho_inserts_an_for_ibtaada
FAILED tests/test_nlp_bayan_generation.py::test_morpho_inserts_ila_for_safara
FAILED tests/test_nlp_bayan_generation.py::test_safara_prefers_travel_place_over_mall
FAILED tests/test_nlp_bayan_generation.py::test_zara_prefers_visitable_over_airport
FAILED tests/test_nlp_bayan_generation.py::test_mar_prefers_outdoor_beach_over_hotel
FAILED tests/test_nlp_bayan_generation.py::test_kb_weighting_prefers_visitable_in_top_p
FAILED tests/test_nlp_bayan_generation.py::test_morpho_merges_ba_al_to_bal - ...
FAILED tests/test_nlp_bayan_generation.py::test_morpho_merges_ba_al_to_bal_stadium
FAILED tests/test_nlp_bayan_generation.py::test_stop_tokens_break_after_min_length
FAILED tests/test_nlp_bayan_generation.py::test_max_length_enforced_no_morpho_insert
FAILED tests/test_nlp_bayan_generation.py::test_min_length_overrides_stop_until_reached
FAILED tests/test_nlp_bayan_generation.py::test_morpho_inserts_min_for_ghadara
FAILED tests/test_nlp_bayan_generation.py::test_istaqara_prefers_indoor_over_outdoor
FAILED tests/test_nlp_bayan_generation.py::test_haraba_prefers_outdoor_and_inserts_min
FAILED tests/test_nlp_bayan_generation.py::test_tawajjaha_inserts_ila_prefers_high_prob_go_target
FAILED tests/test_nlp_bayan_generation.py::test_empty_docs_safe_generation_go_seeded
FAILED tests/test_nlp_bayan_generation.py::test_combined_controls_no_crash_and_respect_length
FAILED tests/test_nlp_bayan_generation.py::test_raja_morphology_inserts_ila_and_picks_house_by_docs
FAILED tests/test_nlp_bayan_generation.py::test_raja_prefers_house_over_others
FAILED tests/test_operators.py::test_operator_go_ar - SyntaxError: Expected T...
FAILED tests/test_prob_thresholds_topk.py::test_maybe_likely_and_topk_prob_fallback
FAILED tests/test_similarity_core.py::test_close_with_default_threshold - Syn...
FAILED tests/test_similarity_core.py::test_close_with_explicit_tau - SyntaxEr...
FAILED tests/test_similarity_core.py::test_synonym_rule_lists_pairs - SyntaxE...
FAILED tests/test_similarity_core.py::test_synset_function_adds_pairs - Synta...
FAILED tests/test_template_match.py::test_template_match_simple_ar - SyntaxEr...
FAILED tests/test_template_match.py::test_template_match_with_regex_and_render
FAILED tests/test_template_match.py::test_match_str_direct_without_compile - ...
FAILED tests/test_temporal_constructs.py::test_delay_statement_english - Synt...
FAILED tests/test_temporal_constructs.py::test_delay_statement_arabic - Synta...
144 failed, 461 passed in 329.45s (0:05:29)
